2024-09-25 11:03:43,322 INFO o.a.j.u.JMeterUtils: Setting Locale to en_EN
2024-09-25 11:03:43,337 INFO o.a.j.JMeter: Loading user properties from: user.properties
2024-09-25 11:03:43,337 INFO o.a.j.JMeter: Loading system properties from: system.properties
2024-09-25 11:03:43,353 INFO o.a.j.JMeter: Copyright (c) 1998-2024 The Apache Software Foundation
2024-09-25 11:03:43,353 INFO o.a.j.JMeter: Version 5.6.3
2024-09-25 11:03:43,353 INFO o.a.j.JMeter: java.version=21.0.2
2024-09-25 11:03:43,353 INFO o.a.j.JMeter: java.vm.name=Java HotSpot(TM) 64-Bit Server VM
2024-09-25 11:03:43,353 INFO o.a.j.JMeter: os.name=Windows 11
2024-09-25 11:03:43,353 INFO o.a.j.JMeter: os.arch=amd64
2024-09-25 11:03:43,353 INFO o.a.j.JMeter: os.version=10.0
2024-09-25 11:03:43,353 INFO o.a.j.JMeter: file.encoding=UTF-8
2024-09-25 11:03:43,353 INFO o.a.j.JMeter: java.awt.headless=true
2024-09-25 11:03:43,353 INFO o.a.j.JMeter: Max memory     =1073741824
2024-09-25 11:03:43,353 INFO o.a.j.JMeter: Available Processors =8
2024-09-25 11:03:43,369 INFO o.a.j.JMeter: Default Locale=English (EN)
2024-09-25 11:03:43,369 INFO o.a.j.JMeter: JMeter  Locale=English (EN)
2024-09-25 11:03:43,369 INFO o.a.j.JMeter: JMeterHome=C:\jmeter_expandtesting_API\apache-jmeter-5.6.3
2024-09-25 11:03:43,369 INFO o.a.j.JMeter: user.dir  =C:\jmeter_expandtesting_API\apache-jmeter-5.6.3\bin
2024-09-25 11:03:43,369 INFO o.a.j.JMeter: PWD       =C:\jmeter_expandtesting_API\apache-jmeter-5.6.3\bin
2024-09-25 11:03:43,369 INFO o.a.j.JMeter: IP: 192.168.1.193 Name: adrianoes FullName: adrianoes.home
2024-09-25 11:03:43,400 INFO o.a.j.JMeter: Setting property 'jmeter.reportgenerator.outputdir' to:'C:\jmeter_expandtesting_API\apache-jmeter-5.6.3\bin\..\..\reports'
2024-09-25 11:03:43,400 INFO o.a.j.s.FileServer: Default base='C:\jmeter_expandtesting_API\apache-jmeter-5.6.3\bin'
2024-09-25 11:03:43,400 INFO o.a.j.s.FileServer: Set new base='C:\jmeter_expandtesting_API\apache-jmeter-5.6.3\bin'
2024-09-25 11:03:43,636 INFO o.a.j.s.SaveService: Testplan (JMX) version: 2.2. Testlog (JTL) version: 2.2
2024-09-25 11:03:43,668 INFO o.a.j.s.SaveService: Using SaveService properties version 5.0
2024-09-25 11:03:43,668 INFO o.a.j.s.SaveService: Using SaveService properties file encoding UTF-8
2024-09-25 11:03:43,668 INFO o.a.j.s.SaveService: Loading file: expandtesting.jmx
2024-09-25 11:03:43,746 INFO o.a.j.p.h.s.HTTPSamplerBase: Parser for text/html is org.apache.jmeter.protocol.http.parser.LagartoBasedHtmlParser
2024-09-25 11:03:43,761 INFO o.a.j.p.h.s.HTTPSamplerBase: Parser for application/xhtml+xml is org.apache.jmeter.protocol.http.parser.LagartoBasedHtmlParser
2024-09-25 11:03:43,761 INFO o.a.j.p.h.s.HTTPSamplerBase: Parser for application/xml is org.apache.jmeter.protocol.http.parser.LagartoBasedHtmlParser
2024-09-25 11:03:43,761 INFO o.a.j.p.h.s.HTTPSamplerBase: Parser for text/xml is org.apache.jmeter.protocol.http.parser.LagartoBasedHtmlParser
2024-09-25 11:03:43,761 INFO o.a.j.p.h.s.HTTPSamplerBase: Parser for text/vnd.wap.wml is org.apache.jmeter.protocol.http.parser.RegexpHTMLParser
2024-09-25 11:03:43,761 INFO o.a.j.p.h.s.HTTPSamplerBase: Parser for text/css is org.apache.jmeter.protocol.http.parser.CssParser
2024-09-25 11:03:43,855 INFO o.a.j.JMeter: Creating summariser <summary>
2024-09-25 11:03:43,871 INFO o.a.j.r.d.ReportGenerator: ReportGenerator will use for Parsing the separator: ','
2024-09-25 11:03:43,871 INFO o.a.j.r.d.ReportGenerator: Will generate report at end of test from  results file: ../../csv_reports/report.csv
2024-09-25 11:03:43,871 INFO o.a.j.r.d.ReportGenerator: Reading report generator properties from: C:\jmeter_expandtesting_API\apache-jmeter-5.6.3\bin\reportgenerator.properties
2024-09-25 11:03:43,871 INFO o.a.j.r.d.ReportGenerator: Merging with JMeter properties
2024-09-25 11:03:43,886 INFO o.a.j.r.c.ReportGeneratorConfiguration: Property 'jmeter.reportgenerator.temp_dir' not found, using default value 'temp' instead.
2024-09-25 11:03:43,889 INFO o.a.j.r.c.ReportGeneratorConfiguration: Property 'jmeter.reportgenerator.apdex_per_transaction' not found, using default value 'null' instead.
2024-09-25 11:03:43,889 INFO o.a.j.r.c.ReportGeneratorConfiguration: apdex_per_transaction is empty, not APDEX per transaction customization
2024-09-25 11:03:43,894 INFO o.a.j.r.c.ReportGeneratorConfiguration: Property 'jmeter.reportgenerator.sample_filter' not found, using default value 'null' instead.
2024-09-25 11:03:43,894 INFO o.a.j.r.c.ReportGeneratorConfiguration: Property 'jmeter.reportgenerator.report_title' not found, using default value 'null' instead.
2024-09-25 11:03:43,894 INFO o.a.j.r.c.ReportGeneratorConfiguration: Property 'jmeter.reportgenerator.start_date' not found, using default value 'null' instead.
2024-09-25 11:03:43,894 INFO o.a.j.r.c.ReportGeneratorConfiguration: Property 'jmeter.reportgenerator.end_date' not found, using default value 'null' instead.
2024-09-25 11:03:43,894 INFO o.a.j.r.c.ReportGeneratorConfiguration: Property 'jmeter.reportgenerator.date_format' not found, using default value 'null' instead.
2024-09-25 11:03:43,895 INFO o.a.j.r.c.ReportGeneratorConfiguration: Will use date range start date: null, end date: null
2024-09-25 11:03:43,896 INFO o.a.j.r.c.ReportGeneratorConfiguration: Property 'jmeter.reportgenerator.graph.totalTPS.exclude_controllers' not found, using default value 'false' instead.
2024-09-25 11:03:43,896 INFO o.a.j.r.c.ReportGeneratorConfiguration: Property 'jmeter.reportgenerator.graph.activeThreadsOverTime.exclude_controllers' not found, using default value 'false' instead.
2024-09-25 11:03:43,896 INFO o.a.j.r.c.ReportGeneratorConfiguration: Property 'jmeter.reportgenerator.graph.timeVsThreads.exclude_controllers' not found, using default value 'false' instead.
2024-09-25 11:03:43,896 INFO o.a.j.r.c.ReportGeneratorConfiguration: Property 'jmeter.reportgenerator.graph.responseTimeDistribution.exclude_controllers' not found, using default value 'false' instead.
2024-09-25 11:03:43,896 INFO o.a.j.r.c.ReportGeneratorConfiguration: Property 'jmeter.reportgenerator.graph.transactionsPerSecond.exclude_controllers' not found, using default value 'false' instead.
2024-09-25 11:03:43,896 INFO o.a.j.r.c.ReportGeneratorConfiguration: Property 'jmeter.reportgenerator.graph.responseTimePercentiles.exclude_controllers' not found, using default value 'false' instead.
2024-09-25 11:03:43,896 INFO o.a.j.r.c.ReportGeneratorConfiguration: Property 'jmeter.reportgenerator.graph.responseTimePercentilesOverTime.exclude_controllers' not found, using default value 'false' instead.
2024-09-25 11:03:43,896 INFO o.a.j.r.c.ReportGeneratorConfiguration: Property 'jmeter.reportgenerator.graph.responseTimesOverTime.exclude_controllers' not found, using default value 'false' instead.
2024-09-25 11:03:43,896 INFO o.a.j.r.c.ReportGeneratorConfiguration: Property 'jmeter.reportgenerator.graph.connectTimeOverTime.exclude_controllers' not found, using default value 'false' instead.
2024-09-25 11:03:43,896 INFO o.a.j.r.c.ReportGeneratorConfiguration: Property 'jmeter.reportgenerator.graph.latenciesOverTime.exclude_controllers' not found, using default value 'false' instead.
2024-09-25 11:03:43,896 INFO o.a.j.r.c.ReportGeneratorConfiguration: Property 'jmeter.reportgenerator.exporter.json.filters_only_sample_series' not found, using default value 'true' instead.
2024-09-25 11:03:43,896 INFO o.a.j.r.c.ReportGeneratorConfiguration: Property 'jmeter.reportgenerator.exporter.json.series_filter' not found, using default value '' instead.
2024-09-25 11:03:43,896 INFO o.a.j.r.c.ReportGeneratorConfiguration: Property 'jmeter.reportgenerator.exporter.json.show_controllers_only' not found, using default value 'false' instead.
2024-09-25 11:03:43,896 INFO o.a.j.r.c.ReportGeneratorConfiguration: Property 'jmeter.reportgenerator.exporter.html.filters_only_sample_series' not found, using default value 'true' instead.
2024-09-25 11:03:43,896 INFO o.a.j.r.c.ReportGeneratorConfiguration: Property 'jmeter.reportgenerator.exporter.html.series_filter' not found, using default value '' instead.
2024-09-25 11:03:43,896 INFO o.a.j.r.c.ReportGeneratorConfiguration: Property 'jmeter.reportgenerator.exporter.html.show_controllers_only' not found, using default value 'false' instead.
2024-09-25 11:03:43,931 INFO o.a.j.e.StandardJMeterEngine: Running the test!
2024-09-25 11:03:43,933 INFO o.a.j.s.SampleEvent: List of sample_variables: []
2024-09-25 11:03:43,933 INFO o.a.j.s.SampleEvent: List of sample_variables: []
2024-09-25 11:03:43,949 INFO o.a.j.e.u.CompoundVariable: Note: Function class names must contain the string: '.functions.'
2024-09-25 11:03:43,949 INFO o.a.j.e.u.CompoundVariable: Note: Function class names must not contain the string: '.gui.'
2024-09-25 11:03:44,028 INFO o.a.j.r.ClassFinder: Will scan jar C:\jmeter_expandtesting_API\apache-jmeter-5.6.3\lib\ext\jmeter-plugins-tst-2.6.jar with filter ExtendsClassFilter [parents=[interface org.apache.jmeter.functions.Function], inner=false, contains=null, notContains=null]. Consider exposing JMeter plugins via META-INF/services, and add JMeter-Skip-Class-Scanning=true manifest attribute so JMeter can skip classfile scanning
2024-09-25 11:03:44,045 INFO o.a.j.r.ClassFinder: Will scan jar C:\jmeter_expandtesting_API\apache-jmeter-5.6.3\lib\ext\jmeter-plugins-manager-1.10.jar with filter ExtendsClassFilter [parents=[interface org.apache.jmeter.functions.Function], inner=false, contains=null, notContains=null]. Consider exposing JMeter plugins via META-INF/services, and add JMeter-Skip-Class-Scanning=true manifest attribute so JMeter can skip classfile scanning
2024-09-25 11:03:44,171 INFO o.a.j.r.ClassFinder: Will scan jar C:\jmeter_expandtesting_API\apache-jmeter-5.6.3\lib\ext\jmeter-plugins-casutg-2.10.jar with filter ExtendsClassFilter [parents=[interface org.apache.jmeter.functions.Function], inner=false, contains=null, notContains=null]. Consider exposing JMeter plugins via META-INF/services, and add JMeter-Skip-Class-Scanning=true manifest attribute so JMeter can skip classfile scanning
2024-09-25 11:03:44,202 INFO o.a.j.r.ClassFinder: Will scan jar C:\jmeter_expandtesting_API\apache-jmeter-5.6.3\lib\ext\jmeter-plugins-ffw-2.0.jar with filter ExtendsClassFilter [parents=[interface org.apache.jmeter.functions.Function], inner=false, contains=null, notContains=null]. Consider exposing JMeter plugins via META-INF/services, and add JMeter-Skip-Class-Scanning=true manifest attribute so JMeter can skip classfile scanning
2024-09-25 11:03:44,202 INFO o.a.j.r.ClassFinder: Will scan jar C:\jmeter_expandtesting_API\apache-jmeter-5.6.3\lib\ext\jmeter-plugins-fifo-0.2.jar with filter ExtendsClassFilter [parents=[interface org.apache.jmeter.functions.Function], inner=false, contains=null, notContains=null]. Consider exposing JMeter plugins via META-INF/services, and add JMeter-Skip-Class-Scanning=true manifest attribute so JMeter can skip classfile scanning
2024-09-25 11:03:44,218 INFO o.a.j.r.ClassFinder: Will scan jar C:\jmeter_expandtesting_API\apache-jmeter-5.6.3\lib\ext\jmeter-plugins-functions-2.2.jar with filter ExtendsClassFilter [parents=[interface org.apache.jmeter.functions.Function], inner=false, contains=null, notContains=null]. Consider exposing JMeter plugins via META-INF/services, and add JMeter-Skip-Class-Scanning=true manifest attribute so JMeter can skip classfile scanning
2024-09-25 11:03:44,218 INFO o.a.j.r.ClassFinder: Will scan jar C:\jmeter_expandtesting_API\apache-jmeter-5.6.3\lib\ext\jmeter-plugins-dummy-0.4.jar with filter ExtendsClassFilter [parents=[interface org.apache.jmeter.functions.Function], inner=false, contains=null, notContains=null]. Consider exposing JMeter plugins via META-INF/services, and add JMeter-Skip-Class-Scanning=true manifest attribute so JMeter can skip classfile scanning
2024-09-25 11:03:44,218 INFO o.a.j.r.ClassFinder: Will scan jar C:\jmeter_expandtesting_API\apache-jmeter-5.6.3\lib\ext\jmeter-plugins-perfmon-2.1.jar with filter ExtendsClassFilter [parents=[interface org.apache.jmeter.functions.Function], inner=false, contains=null, notContains=null]. Consider exposing JMeter plugins via META-INF/services, and add JMeter-Skip-Class-Scanning=true manifest attribute so JMeter can skip classfile scanning
2024-09-25 11:03:44,234 INFO o.a.j.r.ClassFinder: Will scan jar C:\jmeter_expandtesting_API\apache-jmeter-5.6.3\lib\ext\jmeter-plugins-graphs-basic-2.0.jar with filter ExtendsClassFilter [parents=[interface org.apache.jmeter.functions.Function], inner=false, contains=null, notContains=null]. Consider exposing JMeter plugins via META-INF/services, and add JMeter-Skip-Class-Scanning=true manifest attribute so JMeter can skip classfile scanning
2024-09-25 11:03:44,265 INFO o.a.j.r.ResultCollector: Folder at C:\jmeter_expandtesting_API\csv_reports was created
2024-09-25 11:03:44,280 INFO o.a.j.JMeter: Running test (1727255024280)
2024-09-25 11:03:44,312 INFO o.a.j.e.StandardJMeterEngine: Starting ThreadGroup: 1 : Load test config
2024-09-25 11:03:44,312 INFO o.a.j.e.StandardJMeterEngine: Starting 10 threads for group Load test config.
2024-09-25 11:03:44,312 INFO o.a.j.e.StandardJMeterEngine: Thread will continue on error
2024-09-25 11:03:44,312 INFO k.a.j.t.AbstractSimpleThreadGroup: Starting thread group number 1 threads 10
2024-09-25 11:03:44,385 INFO k.a.j.t.AbstractSimpleThreadGroup: Started thread group number 1
2024-09-25 11:03:44,386 INFO o.a.j.e.StandardJMeterEngine: All thread groups have been started
2024-09-25 11:03:45,328 INFO o.a.j.t.JMeterThread: Thread started: Load test config 1-1
2024-09-25 11:03:45,344 INFO o.a.j.p.h.s.HTTPHCAbstractImpl: Local host = adrianoes
2024-09-25 11:03:45,344 INFO o.a.j.p.h.s.HTTPHC4Impl: HTTP request retry count = 0
2024-09-25 11:03:45,344 INFO o.a.j.s.SampleResult: Note: Sample TimeStamps are START times
2024-09-25 11:03:45,344 INFO o.a.j.s.SampleResult: sampleresult.default.encoding is set to UTF-8
2024-09-25 11:03:45,344 INFO o.a.j.s.SampleResult: sampleresult.useNanoTime=true
2024-09-25 11:03:45,344 INFO o.a.j.s.SampleResult: sampleresult.nanoThreadSleep=5000
2024-09-25 11:03:45,497 INFO o.a.j.p.h.s.h.LazyLayeredConnectionSocketFactory: Setting up HTTPS TrustAll Socket Factory
2024-09-25 11:03:45,507 INFO o.a.j.u.JsseSSLManager: Using default SSL protocol: TLS
2024-09-25 11:03:45,507 INFO o.a.j.u.JsseSSLManager: SSL session context: per-thread
2024-09-25 11:03:45,819 INFO o.a.j.u.SSLManager: JmeterKeyStore Location:  type JKS
2024-09-25 11:03:45,825 INFO o.a.j.u.SSLManager: KeyStore created OK
2024-09-25 11:03:45,825 WARN o.a.j.u.SSLManager: Keystore file not found, loading empty keystore
2024-09-25 11:03:46,313 INFO o.a.j.t.JMeterThread: Thread started: Load test config 1-2
2024-09-25 11:03:47,313 INFO o.a.j.t.JMeterThread: Thread started: Load test config 1-3
2024-09-25 11:03:48,312 INFO o.a.j.t.JMeterThread: Thread started: Load test config 1-4
2024-09-25 11:03:49,313 INFO o.a.j.t.JMeterThread: Thread started: Load test config 1-5
2024-09-25 11:03:50,314 INFO o.a.j.t.JMeterThread: Thread started: Load test config 1-6
2024-09-25 11:03:51,312 INFO o.a.j.t.JMeterThread: Thread started: Load test config 1-7
2024-09-25 11:03:52,313 INFO o.a.j.t.JMeterThread: Thread started: Load test config 1-8
2024-09-25 11:03:53,313 INFO o.a.j.t.JMeterThread: Thread started: Load test config 1-9
2024-09-25 11:03:54,312 INFO o.a.j.t.JMeterThread: Thread started: Load test config 1-10
2024-09-25 11:04:00,214 INFO o.a.j.r.Summariser: summary +    180 in 00:00:16 =   11.3/s Avg:   548 Min:   369 Max:  1367 Err:     0 (0.00%) Active: 10 Started: 10 Finished: 0
2024-09-25 11:04:25,919 INFO o.a.j.t.JMeterThread: Stopping because end time detected by thread: Load test config 1-1
2024-09-25 11:04:25,920 INFO o.a.j.t.JMeterThread: Thread finished: Load test config 1-1
2024-09-25 11:04:26,876 INFO o.a.j.t.JMeterThread: Stopping because end time detected by thread: Load test config 1-2
2024-09-25 11:04:26,876 INFO o.a.j.t.JMeterThread: Thread finished: Load test config 1-2
2024-09-25 11:04:27,590 INFO o.a.j.t.JMeterThread: Stopping because end time detected by thread: Load test config 1-3
2024-09-25 11:04:27,590 INFO o.a.j.t.JMeterThread: Thread finished: Load test config 1-3
2024-09-25 11:04:28,426 INFO o.a.j.t.JMeterThread: Stopping because end time detected by thread: Load test config 1-4
2024-09-25 11:04:28,426 INFO o.a.j.t.JMeterThread: Thread finished: Load test config 1-4
2024-09-25 11:04:29,353 INFO o.a.j.t.JMeterThread: Stopping because end time detected by thread: Load test config 1-5
2024-09-25 11:04:29,353 INFO o.a.j.t.JMeterThread: Thread finished: Load test config 1-5
2024-09-25 11:04:30,135 INFO o.a.j.r.Summariser: summary +    581 in 00:00:30 =   19.4/s Avg:   498 Min:   368 Max:   981 Err:     0 (0.00%) Active: 5 Started: 10 Finished: 5
2024-09-25 11:04:30,135 INFO o.a.j.r.Summariser: summary =    761 in 00:00:46 =   16.6/s Avg:   510 Min:   368 Max:  1367 Err:     0 (0.00%)
2024-09-25 11:04:30,773 INFO o.a.j.t.JMeterThread: Stopping because end time detected by thread: Load test config 1-6
2024-09-25 11:04:30,773 INFO o.a.j.t.JMeterThread: Thread finished: Load test config 1-6
2024-09-25 11:04:31,703 INFO o.a.j.t.JMeterThread: Stopping because end time detected by thread: Load test config 1-7
2024-09-25 11:04:31,704 INFO o.a.j.t.JMeterThread: Thread finished: Load test config 1-7
2024-09-25 11:04:32,343 INFO o.a.j.t.JMeterThread: Stopping because end time detected by thread: Load test config 1-8
2024-09-25 11:04:32,343 INFO o.a.j.t.JMeterThread: Thread finished: Load test config 1-8
2024-09-25 11:04:33,636 INFO o.a.j.t.JMeterThread: Stopping because end time detected by thread: Load test config 1-9
2024-09-25 11:04:33,636 INFO o.a.j.t.JMeterThread: Thread finished: Load test config 1-9
2024-09-25 11:04:34,709 INFO o.a.j.t.JMeterThread: Stopping because end time detected by thread: Load test config 1-10
2024-09-25 11:04:34,709 INFO o.a.j.t.JMeterThread: Thread finished: Load test config 1-10
2024-09-25 11:04:34,709 INFO o.a.j.e.StandardJMeterEngine: Notifying test listeners of end of test
2024-09-25 11:04:34,709 INFO o.a.j.r.Summariser: summary +     27 in 00:00:05 =    5.9/s Avg:   518 Min:   370 Max:   898 Err:     0 (0.00%) Active: 0 Started: 10 Finished: 10
2024-09-25 11:04:34,709 INFO o.a.j.r.Summariser: summary =    788 in 00:00:50 =   15.6/s Avg:   510 Min:   368 Max:  1367 Err:     0 (0.00%)
2024-09-25 11:04:34,709 INFO o.a.j.JMeter: Generating Dashboard
2024-09-25 11:04:34,709 INFO o.a.j.r.d.ReportGenerator: Flushing result collector before report Generation
2024-09-25 11:04:34,736 INFO o.a.j.r.p.NormalizerSampleConsumer: Using format, 'ms', to parse timeStamp field
2024-09-25 11:04:34,897 INFO o.a.j.r.p.AbstractSampleConsumer: class org.apache.jmeter.report.processor.AggregateConsumer#stopProducing(): beginDate produced 0 samples
2024-09-25 11:04:34,897 INFO o.a.j.r.p.AbstractSampleConsumer: class org.apache.jmeter.report.processor.AggregateConsumer#stopProducing(): endDate produced 0 samples
2024-09-25 11:04:34,897 INFO o.a.j.r.p.AbstractSampleConsumer: class org.apache.jmeter.report.processor.ApdexSummaryConsumer#stopProducing(): apdexSummary produced 0 samples
2024-09-25 11:04:34,897 INFO o.a.j.r.p.AbstractSampleConsumer: class org.apache.jmeter.report.processor.RequestsSummaryConsumer#stopProducing(): requestsSummary produced 0 samples
2024-09-25 11:04:34,913 INFO o.a.j.r.p.AbstractSampleConsumer: class org.apache.jmeter.report.processor.StatisticsSummaryConsumer#stopProducing(): statisticsSummary produced 0 samples
2024-09-25 11:04:34,913 INFO o.a.j.r.p.AbstractSampleConsumer: class org.apache.jmeter.report.processor.Top5ErrorsBySamplerConsumer#stopProducing(): top5ErrorsBySampler produced 0 samples
2024-09-25 11:04:34,913 INFO o.a.j.r.p.AbstractSampleConsumer: class org.apache.jmeter.report.processor.ErrorsSummaryConsumer#stopProducing(): errorsSummary produced 0 samples
2024-09-25 11:04:34,913 INFO o.a.j.r.p.AbstractSampleConsumer: class org.apache.jmeter.report.processor.graph.impl.HitsPerSecondGraphConsumer#stopProducing(): hitsPerSecond produced 0 samples
2024-09-25 11:04:34,975 INFO o.a.j.r.p.AbstractSampleConsumer: class org.apache.jmeter.report.processor.graph.impl.LatencyVSRequestGraphConsumer#stopProducing(): latencyVsRequest produced 0 samples
2024-09-25 11:04:34,975 INFO o.a.j.r.p.AbstractSampleConsumer: class org.apache.jmeter.report.processor.graph.impl.SyntheticResponseTimeDistributionGraphConsumer#stopProducing(): syntheticResponseTimeDistribution produced 0 samples
2024-09-25 11:04:34,975 INFO o.a.j.r.p.AbstractSampleConsumer: class org.apache.jmeter.report.processor.graph.impl.BytesThroughputGraphConsumer#stopProducing(): bytesThroughputOverTime produced 0 samples
2024-09-25 11:04:34,975 INFO o.a.j.r.p.AbstractSampleConsumer: class org.apache.jmeter.report.processor.graph.impl.CodesPerSecondGraphConsumer#stopProducing(): codesPerSecond produced 0 samples
2024-09-25 11:04:34,991 INFO o.a.j.r.p.AbstractSampleConsumer: class org.apache.jmeter.report.processor.graph.impl.ResponseTimeVSRequestGraphConsumer#stopProducing(): responseTimeVsRequest produced 0 samples
2024-09-25 11:04:34,991 INFO o.a.j.r.p.AbstractSampleConsumer: class org.apache.jmeter.report.processor.FilterConsumer#stopProducing(): startIntervalControlerFilter produced 5516 samples
2024-09-25 11:04:34,991 INFO o.a.j.r.p.AbstractSampleConsumer: class org.apache.jmeter.report.processor.graph.impl.TotalTPSGraphConsumer#stopProducing(): totalTPS produced 0 samples
2024-09-25 11:04:34,991 INFO o.a.j.r.p.AbstractSampleConsumer: class org.apache.jmeter.report.processor.graph.impl.ActiveThreadsGraphConsumer#stopProducing(): activeThreadsOverTime produced 0 samples
2024-09-25 11:04:35,007 INFO o.a.j.r.p.AbstractSampleConsumer: class org.apache.jmeter.report.processor.graph.impl.TimeVSThreadGraphConsumer#stopProducing(): timeVsThreads produced 0 samples
2024-09-25 11:04:35,008 INFO o.a.j.r.p.AbstractSampleConsumer: class org.apache.jmeter.report.processor.graph.impl.ResponseTimeDistributionGraphConsumer#stopProducing(): responseTimeDistribution produced 0 samples
2024-09-25 11:04:35,008 INFO o.a.j.r.p.AbstractSampleConsumer: class org.apache.jmeter.report.processor.graph.impl.TransactionsPerSecondGraphConsumer#stopProducing(): transactionsPerSecond produced 0 samples
2024-09-25 11:04:35,008 INFO o.a.j.r.p.AbstractSampleConsumer: class org.apache.jmeter.report.processor.graph.impl.ResponseTimePercentilesGraphConsumer#stopProducing(): responseTimePercentiles produced 0 samples
2024-09-25 11:04:35,018 INFO o.a.j.r.p.AbstractSampleConsumer: class org.apache.jmeter.report.processor.graph.impl.ResponseTimePercentilesOverTimeGraphConsumer#stopProducing(): responseTimePercentilesOverTime produced 0 samples
2024-09-25 11:04:35,019 INFO o.a.j.r.p.AbstractSampleConsumer: class org.apache.jmeter.report.processor.graph.impl.ResponseTimeOverTimeGraphConsumer#stopProducing(): responseTimesOverTime produced 0 samples
2024-09-25 11:04:35,019 INFO o.a.j.r.p.AbstractSampleConsumer: class org.apache.jmeter.report.processor.graph.impl.ConnectTimeOverTimeGraphConsumer#stopProducing(): connectTimeOverTime produced 0 samples
2024-09-25 11:04:35,020 INFO o.a.j.r.p.AbstractSampleConsumer: class org.apache.jmeter.report.processor.graph.impl.LatencyOverTimeGraphConsumer#stopProducing(): latenciesOverTime produced 0 samples
2024-09-25 11:04:35,020 INFO o.a.j.r.p.AbstractSampleConsumer: class org.apache.jmeter.report.processor.FilterConsumer#stopProducing(): nameFilter produced 11820 samples
2024-09-25 11:04:35,020 INFO o.a.j.r.p.AbstractSampleConsumer: class org.apache.jmeter.report.processor.FilterConsumer#stopProducing(): dateRangeFilter produced 2364 samples
2024-09-25 11:04:35,020 INFO o.a.j.r.p.AbstractSampleConsumer: class org.apache.jmeter.report.processor.NormalizerSampleConsumer#stopProducing(): normalizer produced 788 samples
2024-09-25 11:04:35,022 INFO o.a.j.r.p.CsvFileSampleSource: produce(): 788 samples produced in 253ms on channel 0
2024-09-25 11:04:35,022 INFO o.a.j.r.d.ReportGenerator: Exporting data using exporter:'json' of className:'org.apache.jmeter.report.dashboard.JsonExporter'
2024-09-25 11:04:35,127 INFO o.a.j.r.d.JsonExporter: Found data for consumer statisticsSummary in context
2024-09-25 11:04:35,127 INFO o.a.j.r.d.JsonExporter: Creating statistics for overall
2024-09-25 11:04:35,127 INFO o.a.j.r.d.JsonExporter: Creating statistics for other transactions
2024-09-25 11:04:35,127 INFO o.a.j.r.d.JsonExporter: Checking output folder
2024-09-25 11:04:35,127 INFO o.a.j.r.d.JsonExporter: Writing statistics JSON to C:\jmeter_expandtesting_API\apache-jmeter-5.6.3\bin\..\..\reports\statistics.json
2024-09-25 11:04:35,190 INFO o.a.j.r.d.ReportGenerator: Exporting data using exporter:'html' of className:'org.apache.jmeter.report.dashboard.HtmlTemplateExporter'
2024-09-25 11:04:35,206 INFO o.a.j.r.d.HtmlTemplateExporter: Will generate dashboard in folder: C:\jmeter_expandtesting_API\apache-jmeter-5.6.3\bin\..\..\reports
2024-09-25 11:04:35,449 INFO o.a.j.r.d.HtmlTemplateExporter: Report will be generated in: C:\jmeter_expandtesting_API\apache-jmeter-5.6.3\bin\..\..\reports, creating folder structure
2024-09-25 11:04:35,465 INFO o.a.j.r.d.TemplateVisitor: Copying folder from 'C:\jmeter_expandtesting_API\apache-jmeter-5.6.3\bin\report-template' to 'C:\jmeter_expandtesting_API\apache-jmeter-5.6.3\bin\..\..\reports', got message: C:\jmeter_expandtesting_API\apache-jmeter-5.6.3\bin\..\..\reports, found non empty folder with following content [C:\jmeter_expandtesting_API\apache-jmeter-5.6.3\bin\..\..\reports\statistics.json], will be ignored
2024-09-25 11:04:35,893 INFO o.a.j.JMeter: Dashboard generated
